<?xml version="1.0" encoding="UTF-8" ?>
<testsuite failures="0" time="2.379" errors="0" skipped="0" tests="9" name="com.dasolute.universe.domain.DocumentIntegrationTest">
  <properties>
[...]
</properties>
  <testcase time="1.68" classname="com.dasolute.universe.domain.DocumentIntegrationTest" name="testMarkerMethod"/>
  <testcase time="0.38" classname="com.dasolute.universe.domain.DocumentIntegrationTest" name="testCountDocuments"/>
  <testcase time="0.011" classname="com.dasolute.universe.domain.DocumentIntegrationTest" name="testFindDocument"/>
  <testcase time="0.012" classname="com.dasolute.universe.domain.DocumentIntegrationTest" name="testFindAllDocuments"/>
  <testcase time="0.012" classname="com.dasolute.universe.domain.DocumentIntegrationTest" name="testFindDocumentEntries"/>
  <testcase time="0.024" classname="com.dasolute.universe.domain.DocumentIntegrationTest" name="testFlush"/>
  <testcase time="0.011" classname="com.dasolute.universe.domain.DocumentIntegrationTest" name="testMerge"/>
  <testcase time="0.008" classname="com.dasolute.universe.domain.DocumentIntegrationTest" name="testPersist"/>
  <testcase time="0.02" classname="com.dasolute.universe.domain.DocumentIntegrationTest" name="testRemove"/>
</testsuite>