<?xml version="1.0" encoding="UTF-8" ?>
<testsuite failures="0" time="3.921" errors="0" skipped="0" tests="9" name="com.dasolute.universe.domain.DocumentIntegrationTest">
  <properties>
[...]
</properties>
  <testcase time="2.96" classname="com.dasolute.universe.domain.DocumentIntegrationTest" name="testMarkerMethod"/>
  <testcase time="0.448" classname="com.dasolute.universe.domain.DocumentIntegrationTest" name="testCountDocuments"/>
  <testcase time="0.011" classname="com.dasolute.universe.domain.DocumentIntegrationTest" name="testFindDocument"/>
  <testcase time="0.013" classname="com.dasolute.universe.domain.DocumentIntegrationTest" name="testFindAllDocuments"/>
  <testcase time="0.012" classname="com.dasolute.universe.domain.DocumentIntegrationTest" name="testFindDocumentEntries"/>
  <testcase time="0.028" classname="com.dasolute.universe.domain.DocumentIntegrationTest" name="testFlush"/>
  <testcase time="0.014" classname="com.dasolute.universe.domain.DocumentIntegrationTest" name="testMerge"/>
  <testcase time="0.011" classname="com.dasolute.universe.domain.DocumentIntegrationTest" name="testPersist"/>
  <testcase time="0.026" classname="com.dasolute.universe.domain.DocumentIntegrationTest" name="testRemove"/>
</testsuite>